C:\USERS\SPENCER\DOCUMENTS\VISUAL STUDIO 2013\PROJECTS\FLASHDRIVE LAUNCHER\FLASHDRIVE LAUNCHER\RELEASE\FLASHDRIVE LAUNCHER.PCH
C:\USERS\SPENCER\DOCUMENTS\VISUAL STUDIO 2013\PROJECTS\FLASHDRIVE LAUNCHER\FLASHDRIVE LAUNCHER\RELEASE\VC120.PDB
C:\USERS\SPENCER\DOCUMENTS\VISUAL STUDIO 2013\PROJECTS\FLASHDRIVE LAUNCHER\FLASHDRIVE LAUNCHER\RELEASE\STDAFX.OBJ
C:\USERS\SPENCER\DOCUMENTS\VISUAL STUDIO 2013\PROJECTS\FLASHDRIVE LAUNCHER\FLASHDRIVE LAUNCHER\RELEASE\FLASHDRIVE LAUNCHER.OBJ
C:\USERS\SPENCER\DOCUMENTS\VISUAL STUDIO 2013\PROJECTS\FLASHDRIVE LAUNCHER\FLASHDRIVE LAUNCHER\RELEASE\ASSEMBLYINFO.OBJ
C:\USERS\SPENCER\DOCUMENTS\VISUAL STUDIO 2013\PROJECTS\FLASHDRIVE LAUNCHER\FLASHDRIVE LAUNCHER\RELEASE\.NETFRAMEWORK,VERSION=V4.5.ASSEMBLYATTRIBUTES.OBJ
C:\Users\Spencer\documents\visual studio 2013\Projects\FlashDrive Launcher\FlashDrive Launcher\Release\FlashDriveLauncher.Form1.resources
C:\USERS\SPENCER\DOCUMENTS\VISUAL STUDIO 2013\PROJECTS\FLASHDRIVE LAUNCHER\RELEASE\FLASHDRIVE LAUNCHER.EXE
C:\USERS\SPENCER\DOCUMENTS\VISUAL STUDIO 2013\PROJECTS\FLASHDRIVE LAUNCHER\RELEASE\FLASHDRIVE LAUNCHER.PDB
C:\USERS\SPENCER\DOCUMENTS\VISUAL STUDIO 2013\PROJECTS\FLASHDRIVE LAUNCHER\FLASHDRIVE LAUNCHER\RELEASE\APP.RES
C:\Users\Spencer\documents\visual studio 2013\Projects\FlashDrive Launcher\FlashDrive Launcher\Release\FlashDrive Launcher.vcxproj.GenerateResource.Cache
C:\Users\Spencer\documents\visual studio 2013\Projects\FlashDrive Launcher\FlashDrive Launcher\Release\FlashDrive Launcher.vcxprojResolveAssemblyReference.cache
C:\Users\Spencer\documents\visual studio 2013\Projects\FlashDrive Launcher\FlashDrive Launcher\Release\.NETFramework,Version=v4.5.AssemblyAttributes.obj
C:\Users\Spencer\documents\visual studio 2013\Projects\FlashDrive Launcher\FlashDrive Launcher\Release\AssemblyInfo.obj
C:\Users\Spencer\documents\visual studio 2013\Projects\FlashDrive Launcher\FlashDrive Launcher\Release\FlashDrive Launcher.obj
C:\Users\Spencer\documents\visual studio 2013\Projects\FlashDrive Launcher\FlashDrive Launcher\Release\stdafx.obj
C:\Users\Spencer\documents\visual studio 2013\Projects\FlashDrive Launcher\FlashDrive Launcher\Release\app.res
C:\Users\Spencer\documents\visual studio 2013\Projects\FlashDrive Launcher\FlashDrive Launcher\Release\FlashDrive Launcher.pch
C:\Users\Spencer\documents\visual studio 2013\Projects\FlashDrive Launcher\FlashDrive Launcher\Release\vc120.pdb
C:\Users\Spencer\documents\visual studio 2013\Projects\FlashDrive Launcher\Release\FlashDrive Launcher.pdb
C:\Users\Spencer\documents\visual studio 2013\Projects\FlashDrive Launcher\Release\FlashDrive Launcher.exe
C:\Users\Spencer\documents\visual studio 2013\Projects\FlashDrive Launcher\FlashDrive Launcher\Release\FlashDri.CAF87C5B.tlog\cl.command.1.tlog
C:\Users\Spencer\documents\visual studio 2013\Projects\FlashDrive Launcher\FlashDrive Launcher\Release\FlashDri.CAF87C5B.tlog\CL.read.1.tlog
C:\Users\Spencer\documents\visual studio 2013\Projects\FlashDrive Launcher\FlashDrive Launcher\Release\FlashDri.CAF87C5B.tlog\CL.write.1.tlog
C:\Users\Spencer\documents\visual studio 2013\Projects\FlashDrive Launcher\FlashDrive Launcher\Release\FlashDri.CAF87C5B.tlog\FlashDrive Launcher.write.1u.tlog
C:\Users\Spencer\documents\visual studio 2013\Projects\FlashDrive Launcher\FlashDrive Launcher\Release\FlashDri.CAF87C5B.tlog\link.command.1.tlog
C:\Users\Spencer\documents\visual studio 2013\Projects\FlashDrive Launcher\FlashDrive Launcher\Release\FlashDri.CAF87C5B.tlog\link.read.1.tlog
C:\Users\Spencer\documents\visual studio 2013\Projects\FlashDrive Launcher\FlashDrive Launcher\Release\FlashDri.CAF87C5B.tlog\link.write.1.tlog
C:\Users\Spencer\documents\visual studio 2013\Projects\FlashDrive Launcher\FlashDrive Launcher\Release\FlashDri.CAF87C5B.tlog\metagen.read.1.tlog
C:\Users\Spencer\documents\visual studio 2013\Projects\FlashDrive Launcher\FlashDrive Launcher\Release\FlashDri.CAF87C5B.tlog\metagen.write.1.tlog
C:\Users\Spencer\documents\visual studio 2013\Projects\FlashDrive Launcher\FlashDrive Launcher\Release\FlashDri.CAF87C5B.tlog\rc.command.1.tlog
C:\Users\Spencer\documents\visual studio 2013\Projects\FlashDrive Launcher\FlashDrive Launcher\Release\FlashDri.CAF87C5B.tlog\rc.read.1.tlog
C:\Users\Spencer\documents\visual studio 2013\Projects\FlashDrive Launcher\FlashDrive Launcher\Release\FlashDri.CAF87C5B.tlog\rc.write.1.tlog
C:\Users\Spencer\documents\visual studio 2013\Projects\FlashDrive Launcher\FlashDrive Launcher\Release\FlashDri.CAF87C5B.tlog\TZRES.DLL.bi
